\BOOKMARK [0][-]{chapter*.1}{前言}{}% 1
\BOOKMARK [1][-]{section.0.1}{更新说明}{chapter*.1}% 2
\BOOKMARK [1][-]{section.0.2}{写在前面}{chapter*.1}% 3
\BOOKMARK [0][-]{chapter.1}{Python及其编辑工具的下载安装}{}% 4
\BOOKMARK [1][-]{section.1.1}{Python}{chapter.1}% 5
\BOOKMARK [1][-]{section.1.2}{编辑工具}{chapter.1}% 6
\BOOKMARK [2][-]{subsection.1.2.1}{Pycharm}{section.1.2}% 7
\BOOKMARK [2][-]{subsection.1.2.2}{Spyder}{section.1.2}% 8
\BOOKMARK [0][-]{chapter.2}{Python概述}{}% 9
\BOOKMARK [1][-]{section.2.1}{Python的自白}{chapter.2}% 10
\BOOKMARK [0][-]{chapter.3}{Python语法基础}{}% 11
\BOOKMARK [1][-]{section.3.1}{Python代码示例}{chapter.3}% 12
\BOOKMARK [1][-]{section.3.2}{模块}{chapter.3}% 13
\BOOKMARK [2][-]{subsection.3.2.1}{函数}{section.3.2}% 14
\BOOKMARK [2][-]{subsection.3.2.2}{类}{section.3.2}% 15
\BOOKMARK [1][-]{section.3.3}{常用内置数据结构}{chapter.3}% 16
\BOOKMARK [2][-]{subsection.3.3.1}{字符串}{section.3.3}% 17
\BOOKMARK [2][-]{subsection.3.3.2}{字节}{section.3.3}% 18
\BOOKMARK [2][-]{subsection.3.3.3}{列表}{section.3.3}% 19
\BOOKMARK [2][-]{subsection.3.3.4}{元组}{section.3.3}% 20
\BOOKMARK [2][-]{subsection.3.3.5}{字典}{section.3.3}% 21
\BOOKMARK [2][-]{subsection.3.3.6}{集合}{section.3.3}% 22
\BOOKMARK [1][-]{section.3.4}{流程控制}{chapter.3}% 23
\BOOKMARK [2][-]{subsection.3.4.1}{选择}{section.3.4}% 24
\BOOKMARK [2][-]{subsection.3.4.2}{循环}{section.3.4}% 25
\BOOKMARK [2][-]{subsection.3.4.3}{异常处理}{section.3.4}% 26
\BOOKMARK [1][-]{section.3.5}{其它特性}{chapter.3}% 27
\BOOKMARK [0][-]{chapter.4}{爬虫基础}{}% 28
